<?xml version="1.0" encoding="UTF-8"?>
<!-- Generated by org.testng.reporters.JUnitXMLReporter -->
<testsuite hostname="Sathvik" name="Default test" tests="4" failures="0" timestamp="15 Jun 2022 16:22:50 GMT" time="8.218" errors="0">
  <testcase name="deleteMethod" time="5.628" classname="restMain.RestMainClass"/>
  <testcase name="getMethod" time="0.575" classname="restMain.RestMainClass"/>
  <testcase name="putMethod" time="1.277" classname="restMain.RestMainClass"/>
  <testcase name="postMethod" time="0.664" classname="restMain.RestMainClass"/>
</testsuite> <!-- Default test -->
